TN:
SF:src\main.tsx
FN:1,(empty-report)
FNF:1
FNH:0
FNDA:0,(empty-report)
DA:1,0
DA:2,0
DA:3,0
DA:4,0
DA:5,0
DA:6,0
DA:7,0
DA:8,0
DA:9,0
DA:10,0
DA:11,0
DA:12,0
DA:13,0
DA:14,0
DA:15,0
DA:16,0
DA:17,0
DA:18,0
DA:19,0
DA:20,0
DA:21,0
DA:22,0
LF:22
LH:0
BRDA:1,0,0,0
BRF:1
BRH:0
end_of_record
TN:
SF:src\components\Action\index.tsx
FNF:0
FNH:0
DA:1,1
DA:2,1
DA:3,1
DA:4,1
DA:5,1
DA:6,1
DA:7,1
DA:8,1
DA:9,1
DA:10,1
DA:11,1
DA:12,1
DA:13,1
DA:14,1
DA:15,1
DA:16,1
DA:17,1
DA:18,1
DA:19,1
LF:19
LH:19
BRF:0
BRH:0
end_of_record
TN:
SF:src\components\Bottom\index.tsx
FN:7,Bottom
FNF:1
FNH:1
FNDA:3,Bottom
DA:1,1
DA:2,1
DA:3,1
DA:4,1
DA:5,1
DA:6,1
DA:7,1
DA:8,3
DA:9,3
DA:10,3
DA:11,3
DA:12,3
DA:13,3
DA:14,3
DA:15,3
DA:16,3
DA:17,3
DA:18,3
DA:19,3
DA:20,3
DA:21,3
DA:22,3
DA:23,3
DA:24,3
DA:25,3
DA:26,3
DA:27,3
DA:28,3
DA:29,3
DA:30,3
DA:31,3
LF:31
LH:31
BRDA:7,0,0,3
BRF:1
BRH:1
end_of_record
TN:
SF:src\components\Capsule\index.tsx
FN:9,Capsule
FN:15,handleClick
FNF:2
FNH:2
FNDA:24,Capsule
FNDA:3,handleClick
DA:1,1
DA:2,1
DA:3,1
DA:4,1
DA:5,1
DA:6,1
DA:7,1
DA:8,1
DA:9,1
DA:10,24
DA:11,24
DA:12,24
DA:13,24
DA:14,24
DA:15,24
DA:16,3
DA:17,3
DA:18,3
DA:19,3
DA:20,24
DA:21,24
DA:22,24
DA:23,24
DA:24,24
DA:25,24
LF:25
LH:25
BRDA:9,0,0,24
BRDA:15,1,0,3
BRF:2
BRH:2
end_of_record
TN:
SF:src\components\Footer\index.tsx
FN:5,Footer
FNF:1
FNH:1
FNDA:10,Footer
DA:1,1
DA:2,1
DA:3,1
DA:4,1
DA:5,1
DA:6,10
DA:7,10
DA:8,10
DA:9,10
DA:10,10
DA:11,10
DA:12,10
LF:12
LH:12
BRDA:5,0,0,10
BRF:1
BRH:1
end_of_record
TN:
SF:src\components\Header\index.tsx
FN:24,Header
FNF:1
FNH:1
FNDA:6,Header
DA:1,1
DA:2,1
DA:3,1
DA:4,1
DA:5,1
DA:6,1
DA:7,1
DA:8,1
DA:9,1
DA:10,1
DA:11,1
DA:12,1
DA:13,1
DA:14,1
DA:15,1
DA:16,1
DA:17,1
DA:18,1
DA:19,1
DA:20,1
DA:21,1
DA:22,1
DA:23,1
DA:24,1
DA:25,6
DA:26,6
DA:27,6
DA:28,6
DA:29,6
DA:30,6
DA:31,6
DA:32,6
DA:33,6
DA:34,6
DA:35,6
DA:36,6
DA:37,6
DA:38,6
DA:39,6
DA:40,6
DA:41,6
DA:42,6
DA:43,6
DA:44,6
DA:45,6
DA:46,6
DA:47,6
DA:48,6
DA:49,6
DA:50,6
DA:51,6
DA:52,6
DA:53,6
DA:54,6
DA:55,6
DA:56,6
DA:57,6
DA:58,6
DA:59,6
DA:60,6
DA:61,5
DA:62,5
DA:63,5
DA:64,5
DA:65,5
DA:66,5
DA:67,6
DA:68,6
DA:69,6
DA:70,6
DA:71,6
DA:72,6
DA:73,6
DA:74,6
LF:74
LH:74
BRDA:24,0,0,6
BRDA:60,1,0,5
BRF:2
BRH:2
end_of_record
TN:
SF:src\components\MainCard\index.tsx
FN:4,MainCard
FNF:1
FNH:1
FNDA:9,MainCard
DA:1,1
DA:2,1
DA:3,1
DA:4,1
DA:5,9
DA:6,9
LF:6
LH:6
BRDA:4,0,0,9
BRF:1
BRH:1
end_of_record
TN:
SF:src\components\Progress\index.tsx
FN:4,Progress
FNF:1
FNH:1
FNDA:32,Progress
DA:1,1
DA:2,1
DA:3,1
DA:4,1
DA:5,32
DA:6,32
DA:7,32
DA:8,32
DA:9,32
DA:10,32
DA:11,32
DA:12,32
LF:12
LH:12
BRDA:4,0,0,32
BRF:1
BRH:1
end_of_record
TN:
SF:src\components\Section\index.tsx
FN:9,Section
FNF:1
FNH:1
FNDA:16,Section
DA:1,1
DA:2,1
DA:3,1
DA:4,1
DA:5,1
DA:6,1
DA:7,1
DA:8,1
DA:9,1
DA:10,16
DA:11,16
DA:12,16
DA:13,16
DA:14,16
DA:15,16
DA:16,16
DA:17,16
DA:18,16
DA:19,16
DA:20,16
LF:20
LH:20
BRDA:9,0,0,16
BRF:1
BRH:1
end_of_record
TN:
SF:src\components\StyledLink\index.tsx
FN:8,StyledLink
FNF:1
FNH:1
FNDA:8,StyledLink
DA:1,1
DA:2,1
DA:3,1
DA:4,1
DA:5,1
DA:6,1
DA:7,1
DA:8,1
DA:9,8
DA:10,8
LF:10
LH:10
BRDA:8,0,0,8
BRF:1
BRH:1
end_of_record
TN:
SF:src\layouts\DefaultLayout.tsx
FN:9,DefaultLayout
FN:22,handleResize
FNF:2
FNH:2
FNDA:1,DefaultLayout
FNDA:1,handleResize
DA:1,1
DA:2,1
DA:3,1
DA:4,1
DA:5,1
DA:6,1
DA:7,1
DA:8,1
DA:9,1
DA:10,1
DA:11,1
DA:12,1
DA:13,1
DA:14,1
DA:15,1
DA:16,1
DA:17,1
DA:18,1
DA:19,1
DA:20,1
DA:21,1
DA:22,1
DA:23,1
DA:24,1
DA:25,0
DA:26,1
DA:27,1
DA:28,1
DA:29,1
DA:30,1
DA:31,1
DA:32,1
DA:33,1
DA:34,1
DA:35,1
DA:36,1
DA:37,1
DA:38,1
DA:39,1
DA:40,1
DA:41,1
DA:42,1
DA:43,1
DA:44,1
LF:44
LH:43
BRDA:9,0,0,1
BRDA:38,1,0,0
BRDA:21,2,0,1
BRDA:22,3,0,1
BRDA:24,4,0,0
BRDA:32,5,0,1
BRF:6
BRH:4
end_of_record
TN:
SF:src\pages\Details\index.tsx
FN:15,Details
FN:22,toggleOptionsMenu
FNF:2
FNH:1
FNDA:3,Details
FNDA:0,toggleOptionsMenu
DA:1,1
DA:2,1
DA:3,1
DA:4,1
DA:5,1
DA:6,1
DA:7,1
DA:8,1
DA:9,1
DA:10,1
DA:11,1
DA:12,1
DA:13,1
DA:14,1
DA:15,1
DA:16,3
DA:17,2
DA:18,3
DA:19,3
DA:20,3
DA:21,3
DA:22,3
DA:23,0
DA:24,0
DA:25,3
DA:26,3
DA:27,3
DA:28,3
DA:29,3
DA:30,3
DA:31,3
DA:32,3
DA:33,3
DA:34,3
DA:35,3
DA:36,3
DA:37,3
DA:38,3
DA:39,3
DA:40,3
DA:41,3
DA:42,3
DA:43,3
DA:44,3
DA:45,3
DA:46,3
DA:47,3
DA:48,3
DA:49,3
DA:50,3
DA:51,3
DA:52,3
DA:53,3
DA:54,3
DA:55,3
DA:56,3
DA:57,3
DA:58,3
DA:59,3
DA:60,3
DA:61,3
DA:62,3
DA:63,3
DA:64,3
DA:65,3
DA:66,3
DA:67,3
DA:68,3
DA:69,3
DA:70,3
DA:71,3
LF:71
LH:69
BRDA:15,0,0,3
BRDA:32,1,0,1
BRDA:35,2,0,1
BRDA:35,3,0,2
BRDA:56,4,0,1
BRDA:59,5,0,1
BRDA:60,6,0,1
BRDA:61,7,0,1
BRDA:16,8,0,2
BRF:9
BRH:9
end_of_record
TN:
SF:src\pages\Details\DetailOptions\index.tsx
FN:10,DetailOptions
FN:13,handleOptionClick
FN:32,onClick
FN:37,onClick
FN:42,onClick
FNF:5
FNH:5
FNDA:6,DetailOptions
FNDA:6,handleOptionClick
FNDA:2,onClick
FNDA:2,onClick
FNDA:2,onClick
DA:1,1
DA:2,1
DA:3,1
DA:4,1
DA:5,1
DA:6,1
DA:7,1
DA:8,1
DA:9,1
DA:10,1
DA:11,6
DA:12,6
DA:13,6
DA:14,6
DA:15,6
DA:16,2
DA:17,2
DA:18,6
DA:19,2
DA:20,2
DA:21,6
DA:22,2
DA:23,2
DA:24,6
DA:25,6
DA:26,6
DA:27,6
DA:28,6
DA:29,6
DA:30,6
DA:31,6
DA:32,6
DA:33,6
DA:34,6
DA:35,6
DA:36,6
DA:37,6
DA:38,6
DA:39,6
DA:40,6
DA:41,6
DA:42,6
DA:43,6
DA:44,6
DA:45,6
DA:46,6
DA:47,6
DA:48,6
LF:48
LH:48
BRDA:10,0,0,6
BRDA:13,1,0,6
BRDA:15,2,0,2
BRDA:18,3,0,2
BRDA:21,4,0,2
BRDA:32,5,0,2
BRDA:37,6,0,2
BRDA:42,7,0,2
BRF:8
BRH:8
end_of_record
TN:
SF:src\pages\Details\Title\index.tsx
FN:9,Title
FNF:1
FNH:1
FNDA:6,Title
DA:1,1
DA:2,1
DA:3,1
DA:4,1
DA:5,1
DA:6,1
DA:7,1
DA:8,1
DA:9,1
DA:10,6
DA:11,6
DA:12,6
DA:13,6
DA:14,6
DA:15,6
DA:16,6
DA:17,6
DA:18,6
DA:19,6
LF:19
LH:19
BRDA:9,0,0,6
BRF:1
BRH:1
end_of_record
TN:
SF:src\pages\Home\index.tsx
FN:12,Home
FNF:1
FNH:1
FNDA:4,Home
DA:1,1
DA:2,1
DA:3,1
DA:4,1
DA:5,1
DA:6,1
DA:7,1
DA:8,1
DA:9,1
DA:10,1
DA:11,1
DA:12,1
DA:13,4
DA:14,4
DA:15,4
DA:16,4
DA:17,4
DA:18,4
DA:19,4
DA:20,4
DA:21,4
DA:22,4
DA:23,4
DA:24,4
DA:25,4
DA:26,4
DA:27,4
DA:28,4
DA:29,4
DA:30,4
DA:31,4
DA:32,4
DA:33,4
DA:34,4
DA:35,4
DA:36,4
DA:37,4
DA:38,4
DA:39,4
DA:40,4
DA:41,4
DA:42,4
DA:43,4
DA:44,4
DA:45,4
DA:46,4
DA:47,4
DA:48,4
LF:48
LH:48
BRDA:12,0,0,4
BRF:1
BRH:1
end_of_record
TN:
SF:src\pages\Home\FavAuthors\index.tsx
FN:7,FavAuthors
FNF:1
FNH:1
FNDA:9,FavAuthors
DA:1,1
DA:2,1
DA:3,1
DA:4,1
DA:5,1
DA:6,1
DA:7,1
DA:8,9
DA:9,9
DA:10,9
DA:11,9
DA:12,9
DA:13,9
DA:14,9
DA:15,2
DA:16,2
DA:17,2
DA:18,2
DA:19,2
DA:20,2
DA:21,2
DA:22,2
DA:23,2
DA:24,2
DA:25,9
DA:26,9
DA:27,9
DA:28,9
DA:29,9
LF:29
LH:29
BRDA:7,0,0,9
BRDA:14,1,0,2
BRDA:15,2,0,2
BRF:3
BRH:3
end_of_record
TN:
SF:src\pages\Home\FavBooks\index.tsx
FN:9,FavBooks
FNF:1
FNH:1
FNDA:9,FavBooks
DA:1,1
DA:2,1
DA:3,1
DA:4,1
DA:5,1
DA:6,1
DA:7,1
DA:8,1
DA:9,1
DA:10,9
DA:11,9
DA:12,9
DA:13,9
DA:14,9
DA:15,9
DA:16,9
DA:17,7
DA:18,7
DA:19,2
DA:20,2
DA:21,2
DA:22,2
DA:23,2
DA:24,2
DA:25,2
DA:26,2
DA:27,2
DA:28,2
DA:29,9
DA:30,9
DA:31,9
LF:31
LH:31
BRDA:9,0,0,9
BRDA:16,1,0,7
BRDA:18,2,0,2
BRDA:19,3,0,2
BRF:4
BRH:4
end_of_record
TN:
SF:src\pages\Home\LibBooks\index.tsx
FN:16,LibBooks
FNF:1
FNH:1
FNDA:9,LibBooks
DA:1,1
DA:2,1
DA:3,1
DA:4,1
DA:5,1
DA:6,1
DA:7,1
DA:8,1
DA:9,1
DA:10,1
DA:11,1
DA:12,1
DA:13,1
DA:14,1
DA:15,1
DA:16,1
DA:17,9
DA:18,9
DA:19,9
DA:20,9
DA:21,9
DA:22,9
DA:23,9
DA:24,9
DA:25,9
DA:26,2
DA:27,2
DA:28,4
DA:29,4
DA:30,4
DA:31,4
DA:32,4
DA:33,0
DA:34,4
DA:35,4
DA:36,2
DA:37,4
DA:38,2
DA:39,2
DA:40,2
DA:41,2
DA:42,2
DA:43,2
DA:44,2
DA:45,2
DA:46,2
DA:47,2
DA:48,9
DA:49,9
DA:50,9
DA:51,9
DA:52,9
DA:53,9
LF:53
LH:52
BRDA:16,0,0,9
BRDA:25,1,0,2
BRDA:27,2,0,4
BRDA:32,3,0,0
BRDA:36,4,0,4
BRF:5
BRH:4
end_of_record
TN:
SF:src\pages\Home\LibTags\index.tsx
FN:17,LibTags
FN:37,$onClick
FN:46,$onClick
FNF:3
FNH:2
FNDA:13,LibTags
FNDA:0,$onClick
FNDA:2,$onClick
DA:1,1
DA:2,1
DA:3,1
DA:4,1
DA:5,1
DA:6,1
DA:7,1
DA:8,1
DA:9,1
DA:10,1
DA:11,1
DA:12,1
DA:13,1
DA:14,1
DA:15,1
DA:16,1
DA:17,1
DA:18,13
DA:19,13
DA:20,13
DA:21,13
DA:22,13
DA:23,13
DA:24,13
DA:25,13
DA:26,13
DA:27,13
DA:28,13
DA:29,13
DA:30,13
DA:31,13
DA:32,13
DA:33,13
DA:34,13
DA:35,13
DA:36,13
DA:37,13
DA:38,13
DA:39,13
DA:40,13
DA:41,4
DA:42,8
DA:43,8
DA:44,13
DA:45,13
DA:46,13
DA:47,13
DA:48,13
DA:49,13
DA:50,13
DA:51,13
DA:52,13
DA:53,13
DA:54,13
LF:54
LH:54
BRDA:17,0,0,13
BRDA:28,1,0,4
BRDA:40,2,0,4
BRDA:28,3,0,8
BRDA:41,4,0,8
BRDA:46,5,0,2
BRF:6
BRH:6
end_of_record
TN:
SF:src\routes\app.routes.tsx
FN:1,(empty-report)
FNF:1
FNH:0
FNDA:0,(empty-report)
DA:1,0
DA:2,0
DA:3,0
DA:4,0
DA:5,0
DA:6,0
DA:7,0
DA:8,0
DA:9,0
DA:10,0
DA:11,0
DA:12,0
DA:13,0
DA:14,0
DA:15,0
LF:15
LH:0
BRDA:1,0,0,0
BRF:1
BRH:0
end_of_record
TN:
SF:src\routes\index.tsx
FN:1,(empty-report)
FNF:1
FNH:0
FNDA:0,(empty-report)
DA:1,0
DA:2,0
DA:3,0
DA:4,0
DA:5,0
DA:6,0
DA:7,0
DA:8,0
DA:9,0
DA:10,0
DA:11,0
LF:11
LH:0
BRDA:1,0,0,0
BRF:1
BRH:0
end_of_record
